<?xml version="1.0" encoding="UTF-8" ?>
<testsuite tests="11" failures="0" name="runner.TestRunner" time="0.002" errors="0" skipped="0">
  <properties>
[...]
</properties>
  <testcase classname="| User1 | 1000 | 30 |" name="Given App Employee Payload with &quot;User1&quot; &quot;1000&quot; &quot;30&quot;" time="0.002"/>
  <testcase classname="| User1 | 1000 | 30 |" name="When User calls &quot;addPlaceAPI&quot; with &quot;POST&quot; http request" time="0"/>
  <testcase classname="| User1 | 1000 | 30 |" name="Then Api call got &quot;success&quot; with &quot;200&quot; response" time="0"/>
  <testcase classname="| User1 | 1000 | 30 |" name="And &quot;status&quot; in response body is &quot;OK&quot;" time="0"/>
  <testcase classname="| User1 | 1000 | 30 |" name="And verify place_Id created maps to &quot;User1&quot; using &quot;getPlaceAPI&quot;" time="0"/>
  <testcase classname="| User1 | 1000 | 30 |" name="| User1 | 1000 | 30 |" time="0"/>
  <testcase classname="Scenario: Verify if Delete Place functionality is working" name="Given DeletePlace Payload" time="0"/>
  <testcase classname="Scenario: Verify if Delete Place functionality is working" name="When User calls &quot;deletePlaceAPI&quot; with &quot;POST&quot; http request" time="0"/>
  <testcase classname="Scenario: Verify if Delete Place functionality is working" name="Then Api call got &quot;success&quot; with &quot;200&quot; response" time="0"/>
  <testcase classname="Scenario: Verify if Delete Place functionality is working" name="And &quot;status&quot; in response body is &quot;OK&quot;" time="0"/>
  <testcase classname="Scenario: Verify if Delete Place functionality is working" name="Scenario: Verify if Delete Place functionality is working" time="0"/>
</testsuite>