<?xml version="1.0" encoding="UTF-8" ?>
<testsuite tests="3" failures="0" name="runner.TestRunner" time="0.008" errors="0" skipped="2">
  <properties>
[...]
</properties>
  <testcase classname="Scenario: Feature file" name="Given app test user" time="0.002">
    <skipped/>
  </testcase>
  <testcase classname="Scenario: Feature file" name="Scenario: Feature file" time="0.003">
    <skipped/>
  </testcase>
  <testcase classname="Scenario: Feature file" name="Scenario: Feature file" time="0.003"/>
</testsuite>